{
  "uid" : "1a7aca17f3e6553d",
  "name" : "test_personal_3_fail",
  "fullName" : "test_personal.TestPersonal#test_personal_3_fail",
  "historyId" : "6f0582bb97f3a10e0f3b6244ff1d49a0",
  "time" : {
    "start" : 1614860313429,
    "stop" : 1614860326691,
    "duration" : 13262
  },
  "status" : "broken",
  "statusMessage" : "selenium.common.exceptions.TimeoutException: Message:",
  "statusTrace" : "self = <testCases.test_personal.TestPersonal object at 0x111536b20>\ndriver = <appium.webdriver.webdriver.WebDriver (session=\"18b71d5a-35f7-486d-abf0-443729918f8d\")>\n\n    def test_personal_3_fail(self, driver):\n        logger.info(\"---点击最近在读----\")\n        pp = PersonalPage(driver, logger)\n        pp.click_personal_tab()\n        # pp.click_home_page()\n>       pp.click_reading()\n\ntest_personal.py:32: \n_ _ _ _ _ _ _ _ _ _ _ _ _ _ _ _ _ _ _ _ _ _ _ _ _ _ _ _ _ _ _ _ _ _ _ _ _ _ _ _ \n../pageObjects/personal_page.py:16: in click_reading\n    self.click(loc.loc_reading, doc=\"主页_点击最近在读的数据\")\n../common/basepage.py:120: in click\n    self.wait_eleVisible(loc, timeout, frequncy, doc)\n../common/basepage.py:33: in wait_eleVisible\n    WebDriverWait(self.driver, timeout, frequncy).until(EC.visibility_of_element_located(loc))\n_ _ _ _ _ _ _ _ _ _ _ _ _ _ _ _ _ _ _ _ _ _ _ _ _ _ _ _ _ _ _ _ _ _ _ _ _ _ _ _ \n\nself = <selenium.webdriver.support.wait.WebDriverWait (session=\"18b71d5a-35f7-486d-abf0-443729918f8d\")>\nmethod = <selenium.webdriver.support.expected_conditions.visibility_of_element_located object at 0x1114cfaf0>\nmessage = ''\n\n    def until(self, method, message=''):\n        \"\"\"Calls the method provided with the driver as an argument until the \\\n        return value is not False.\"\"\"\n        screen = None\n        stacktrace = None\n    \n        end_time = time.time() + self._timeout\n        while True:\n            try:\n                value = method(self._driver)\n                if value:\n                    return value\n            except self._ignored_exceptions as exc:\n                screen = getattr(exc, 'screen', None)\n                stacktrace = getattr(exc, 'stacktrace', None)\n            time.sleep(self._poll)\n            if time.time() > end_time:\n                break\n>       raise TimeoutException(message, screen, stacktrace)\nE       selenium.common.exceptions.TimeoutException: Message:\n\n/Library/Frameworks/Python.framework/Versions/3.8/lib/python3.8/site-packages/selenium/webdriver/support/wait.py:80: TimeoutException",
  "flaky" : false,
  "newFailed" : false,
  "beforeStages" : [ {
    "name" : "driver",
    "time" : {
      "start" : 1614860277604,
      "stop" : 1614860289826,
      "duration" : 12222
    },
    "status" : "passed",
    "steps" : [ ],
    "attachments" : [ ],
    "parameters" : [ ],
    "stepsCount" : 0,
    "attachmentsCount" : 0,
    "shouldDisplayMessage" : false,
    "hasContent" : false
  } ],
  "testStage" : {
    "status" : "broken",
    "statusMessage" : "selenium.common.exceptions.TimeoutException: Message:",
    "statusTrace" : "self = <testCases.test_personal.TestPersonal object at 0x111536b20>\ndriver = <appium.webdriver.webdriver.WebDriver (session=\"18b71d5a-35f7-486d-abf0-443729918f8d\")>\n\n    def test_personal_3_fail(self, driver):\n        logger.info(\"---点击最近在读----\")\n        pp = PersonalPage(driver, logger)\n        pp.click_personal_tab()\n        # pp.click_home_page()\n>       pp.click_reading()\n\ntest_personal.py:32: \n_ _ _ _ _ _ _ _ _ _ _ _ _ _ _ _ _ _ _ _ _ _ _ _ _ _ _ _ _ _ _ _ _ _ _ _ _ _ _ _ \n../pageObjects/personal_page.py:16: in click_reading\n    self.click(loc.loc_reading, doc=\"主页_点击最近在读的数据\")\n../common/basepage.py:120: in click\n    self.wait_eleVisible(loc, timeout, frequncy, doc)\n../common/basepage.py:33: in wait_eleVisible\n    WebDriverWait(self.driver, timeout, frequncy).until(EC.visibility_of_element_located(loc))\n_ _ _ _ _ _ _ _ _ _ _ _ _ _ _ _ _ _ _ _ _ _ _ _ _ _ _ _ _ _ _ _ _ _ _ _ _ _ _ _ \n\nself = <selenium.webdriver.support.wait.WebDriverWait (session=\"18b71d5a-35f7-486d-abf0-443729918f8d\")>\nmethod = <selenium.webdriver.support.expected_conditions.visibility_of_element_located object at 0x1114cfaf0>\nmessage = ''\n\n    def until(self, method, message=''):\n        \"\"\"Calls the method provided with the driver as an argument until the \\\n        return value is not False.\"\"\"\n        screen = None\n        stacktrace = None\n    \n        end_time = time.time() + self._timeout\n        while True:\n            try:\n                value = method(self._driver)\n                if value:\n                    return value\n            except self._ignored_exceptions as exc:\n                screen = getattr(exc, 'screen', None)\n                stacktrace = getattr(exc, 'stacktrace', None)\n            time.sleep(self._poll)\n            if time.time() > end_time:\n                break\n>       raise TimeoutException(message, screen, stacktrace)\nE       selenium.common.exceptions.TimeoutException: Message:\n\n/Library/Frameworks/Python.framework/Versions/3.8/lib/python3.8/site-packages/selenium/webdriver/support/wait.py:80: TimeoutException",
    "steps" : [ {
      "name" : "添加截图",
      "time" : {
        "start" : 1614860326688,
        "stop" : 1614860326691,
        "duration" : 3
      },
      "status" : "passed",
      "steps" : [ ],
      "attachments" : [ {
        "uid" : "fe3278afd865806c",
        "name" : "screenshot_主页_点击最近在读的数据__20-18-44",
        "source" : "fe3278afd865806c.png",
        "type" : "image/png",
        "size" : 243843
      } ],
      "parameters" : [ ],
      "stepsCount" : 0,
      "attachmentsCount" : 1,
      "shouldDisplayMessage" : false,
      "hasContent" : true
    } ],
    "attachments" : [ {
      "uid" : "2436e8970ce77538",
      "name" : "log",
      "source" : "2436e8970ce77538.txt",
      "type" : "text/plain",
      "size" : 716
    } ],
    "parameters" : [ ],
    "stepsCount" : 1,
    "attachmentsCount" : 2,
    "shouldDisplayMessage" : true,
    "hasContent" : true
  },
  "afterStages" : [ {
    "name" : "driver::0",
    "time" : {
      "start" : 1614860326708,
      "stop" : 1614860333240,
      "duration" : 6532
    },
    "status" : "passed",
    "steps" : [ ],
    "attachments" : [ ],
    "parameters" : [ ],
    "stepsCount" : 0,
    "attachmentsCount" : 0,
    "shouldDisplayMessage" : false,
    "hasContent" : false
  } ],
  "labels" : [ {
    "name" : "suite",
    "value" : "test_personal"
  }, {
    "name" : "subSuite",
    "value" : "TestPersonal"
  }, {
    "name" : "host",
    "value" : "hehuaimeideMacBook-Pro.local"
  }, {
    "name" : "thread",
    "value" : "45706-MainThread"
  }, {
    "name" : "framework",
    "value" : "pytest"
  }, {
    "name" : "language",
    "value" : "cpython3"
  }, {
    "name" : "package",
    "value" : "test_personal"
  }, {
    "name" : "resultFormat",
    "value" : "allure2"
  } ],
  "parameters" : [ ],
  "links" : [ ],
  "hidden" : false,
  "retry" : false,
  "extra" : {
    "severity" : "normal",
    "retries" : [ ],
    "categories" : [ {
      "name" : "Test defects",
      "matchedStatuses" : [ ],
      "flaky" : false
    } ],
    "tags" : [ ]
  },
  "source" : "1a7aca17f3e6553d.json",
  "parameterValues" : [ ]
}