{"name": "test_personal_2_home", "status": "broken", "statusDetails": {"message": "selenium.common.exceptions.TimeoutException: Message:", "trace": "self = <testCases.test_personal.TestPersonal object at 0x1072d4c70>\ndriver = <appium.webdriver.webdriver.WebDriver (session=\"10806e49-0e92-4e7d-89af-8e0f88f798ed\")>\n\n    def test_personal_2_home(self, driver):\n        logger.info(\"---点击主页----\")\n        pp = PersonalPage(driver, logger)\n        pp.click_personal_tab()\n>       pp.click_home_page()\n\ntest_personal.py:26: \n_ _ _ _ _ _ _ _ _ _ _ _ _ _ _ _ _ _ _ _ _ _ _ _ _ _ _ _ _ _ _ _ _ _ _ _ _ _ _ _ \n../pageObjects/personal_page.py:13: in click_home_page\n    self.click(loc.loc_home_page, doc=\"我的_点击主页\")\n../common/basepage.py:120: in click\n    self.wait_eleVisible(loc, timeout, frequncy, doc)\n../common/basepage.py:33: in wait_eleVisible\n    WebDriverWait(self.driver, timeout, frequncy).until(EC.visibility_of_element_located(loc))\n_ _ _ _ _ _ _ _ _ _ _ _ _ _ _ _ _ _ _ _ _ _ _ _ _ _ _ _ _ _ _ _ _ _ _ _ _ _ _ _ \n\nself = <selenium.webdriver.support.wait.WebDriverWait (session=\"10806e49-0e92-4e7d-89af-8e0f88f798ed\")>\nmethod = <selenium.webdriver.support.expected_conditions.visibility_of_element_located object at 0x10733b790>\nmessage = ''\n\n    def until(self, method, message=''):\n        \"\"\"Calls the method provided with the driver as an argument until the \\\n        return value is not False.\"\"\"\n        screen = None\n        stacktrace = None\n    \n        end_time = time.time() + self._timeout\n        while True:\n            try:\n                value = method(self._driver)\n                if value:\n                    return value\n            except self._ignored_exceptions as exc:\n                screen = getattr(exc, 'screen', None)\n                stacktrace = getattr(exc, 'stacktrace', None)\n            time.sleep(self._poll)\n            if time.time() > end_time:\n                break\n>       raise TimeoutException(message, screen, stacktrace)\nE       selenium.common.exceptions.TimeoutException: Message:\n\n/Library/Frameworks/Python.framework/Versions/3.8/lib/python3.8/site-packages/selenium/webdriver/support/wait.py:80: TimeoutException"}, "steps": [{"name": "添加截图", "status": "passed", "attachments": [{"name": "screenshot_我的_点击主页__16-14-27", "source": "fd801962-dfd2-4c2a-bba0-fa9eb32fa457-attachment.png", "type": "image/png"}], "start": 1617956069447, "stop": 1617956069450}, {"name": "添加失败截图", "status": "passed", "attachments": [{"name": "fail_capture_{tm}", "source": "ff33fe68-9c2b-4b09-bac6-031c8c4cf1b5-attachment.png", "type": "image/png"}], "start": 1617956070704, "stop": 1617956070706}], "attachments": [{"name": "log", "source": "fd482502-9d6f-48c1-a6df-3b08acfea7d1-attachment.txt", "type": "text/plain"}], "start": 1617956055570, "stop": 1617956069450, "uuid": "400e49d3-4b00-45ff-a45a-192bda7cbaa3", "historyId": "f9654e2976ee7c2f23c8716289cd824b", "testCaseId": "f9ec7b04af03279672882127a317c223", "fullName": "test_personal.TestPersonal#test_personal_2_home", "labels": [{"name": "suite", "value": "test_personal"}, {"name": "subSuite", "value": "TestPersonal"}, {"name": "host", "value": "hehuaimeideMacBook-Pro.local"}, {"name": "thread", "value": "7988-MainThread"}, {"name": "framework", "value": "pytest"}, {"name": "language", "value": "cpython3"}, {"name": "package", "value": "test_personal"}]}