{"name": "test_personal_2_home", "status": "broken", "statusDetails": {"message": "selenium.common.exceptions.TimeoutException: Message:", "trace": "self = <testCases.test_personal.TestPersonal object at 0x109641e20>\ndriver = <appium.webdriver.webdriver.WebDriver (session=\"fe8bdb55-6ea9-404d-9410-e6f9a515a11e\")>\n\n    def test_personal_2_home(self, driver):\n        logger.info(\"---点击主页----\")\n        pp = PersonalPage(driver, logger)\n        pp.click_personal_tab()\n>       pp.click_home_page()\n\ntest_personal.py:26: \n_ _ _ _ _ _ _ _ _ _ _ _ _ _ _ _ _ _ _ _ _ _ _ _ _ _ _ _ _ _ _ _ _ _ _ _ _ _ _ _ \n../pageObjects/personal_page.py:13: in click_home_page\n    self.click(loc.loc_home_page, doc=\"我的_点击主页\")\n../common/basepage.py:120: in click\n    self.wait_eleVisible(loc, timeout, frequncy, doc)\n../common/basepage.py:33: in wait_eleVisible\n    WebDriverWait(self.driver, timeout, frequncy).until(EC.visibility_of_element_located(loc))\n_ _ _ _ _ _ _ _ _ _ _ _ _ _ _ _ _ _ _ _ _ _ _ _ _ _ _ _ _ _ _ _ _ _ _ _ _ _ _ _ \n\nself = <selenium.webdriver.support.wait.WebDriverWait (session=\"fe8bdb55-6ea9-404d-9410-e6f9a515a11e\")>\nmethod = <selenium.webdriver.support.expected_conditions.visibility_of_element_located object at 0x1096676a0>\nmessage = ''\n\n    def until(self, method, message=''):\n        \"\"\"Calls the method provided with the driver as an argument until the \\\n        return value is not False.\"\"\"\n        screen = None\n        stacktrace = None\n    \n        end_time = time.time() + self._timeout\n        while True:\n            try:\n                value = method(self._driver)\n                if value:\n                    return value\n            except self._ignored_exceptions as exc:\n                screen = getattr(exc, 'screen', None)\n                stacktrace = getattr(exc, 'stacktrace', None)\n            time.sleep(self._poll)\n            if time.time() > end_time:\n                break\n>       raise TimeoutException(message, screen, stacktrace)\nE       selenium.common.exceptions.TimeoutException: Message:\n\n/Library/Frameworks/Python.framework/Versions/3.8/lib/python3.8/site-packages/selenium/webdriver/support/wait.py:80: TimeoutException"}, "steps": [{"name": "添加截图", "status": "passed", "attachments": [{"name": "screenshot_我的_点击主页__20-50-24", "source": "0da6aede-d6ce-4374-84a5-694191bd921f-attachment.png", "type": "image/png"}], "start": 1615380626838, "stop": 1615380626839}, {"name": "添加失败截图", "status": "passed", "attachments": [{"name": "fail_capture_{tm}", "source": "0e807b50-6ae0-4646-a227-fd20543ff594-attachment.png", "type": "image/png"}], "start": 1615380628158, "stop": 1615380628161}], "attachments": [{"name": "log", "source": "ca44afd2-59fd-455e-86e1-58553bd6fbd5-attachment.txt", "type": "text/plain"}], "start": 1615380612955, "stop": 1615380626839, "uuid": "b173f5b7-a9a7-42fd-ba74-3e5ae34a56fa", "historyId": "f9654e2976ee7c2f23c8716289cd824b", "testCaseId": "f9ec7b04af03279672882127a317c223", "fullName": "test_personal.TestPersonal#test_personal_2_home", "labels": [{"name": "suite", "value": "test_personal"}, {"name": "subSuite", "value": "TestPersonal"}, {"name": "host", "value": "hehuaimeideMacBook-Pro.local"}, {"name": "thread", "value": "1634-MainThread"}, {"name": "framework", "value": "pytest"}, {"name": "language", "value": "cpython3"}, {"name": "package", "value": "test_personal"}]}